2023-09-01 14:33:31,949 [Worker-3: Loading available Gradle versions] INFO  o.e.b.c.i.u.g.PublishedGradleVersions - Gradle version information cache is out-of-date. Trying to update.
2023-09-01 14:40:17,294 [Worker-5: Launching mavenrun-b6352e2b-9eaa-4474-8778-9bcb0df3695f] INFO  o.eclipse.m2e.core.internal.Bundles - getClasspathEntries(Bundle=org.eclipse.m2e.maven.runtime_3.8.604.20221130-2149 [267])
2023-09-01 14:40:17,300 [Worker-5: Launching mavenrun-b6352e2b-9eaa-4474-8778-9bcb0df3695f] INFO  o.eclipse.m2e.core.internal.Bundles - 	Entry: C:\Users\Parth\.p2\pool\plugins\org.eclipse.m2e.maven.runtime_3.8.604.20221130-2149
2023-09-01 14:40:17,300 [Worker-5: Launching mavenrun-b6352e2b-9eaa-4474-8778-9bcb0df3695f] INFO  o.eclipse.m2e.core.internal.Bundles - 	Entry: C:\Users\Parth\.p2\pool\plugins\org.eclipse.m2e.maven.runtime_3.8.604.20221130-2149\jars\aether-connector-okhttp-0.17.8.jar
2023-09-01 14:40:17,300 [Worker-5: Launching mavenrun-b6352e2b-9eaa-4474-8778-9bcb0df3695f] INFO  o.eclipse.m2e.core.internal.Bundles - 	Entry: C:\Users\Parth\.p2\pool\plugins\org.eclipse.m2e.maven.runtime_3.8.604.20221130-2149\jars\commons-cli-1.4.jar
2023-09-01 14:40:17,301 [Worker-5: Launching mavenrun-b6352e2b-9eaa-4474-8778-9bcb0df3695f] INFO  o.eclipse.m2e.core.internal.Bundles - 	Entry: C:\Users\Parth\.p2\pool\plugins\org.eclipse.m2e.maven.runtime_3.8.604.20221130-2149\jars\commons-io-2.6.jar
2023-09-01 14:40:17,301 [Worker-5: Launching mavenrun-b6352e2b-9eaa-4474-8778-9bcb0df3695f] INFO  o.eclipse.m2e.core.internal.Bundles - 	Entry: C:\Users\Parth\.p2\pool\plugins\org.eclipse.m2e.maven.runtime_3.8.604.20221130-2149\jars\commons-lang3-3.8.1.jar
2023-09-01 14:40:17,301 [Worker-5: Launching mavenrun-b6352e2b-9eaa-4474-8778-9bcb0df3695f] INFO  o.eclipse.m2e.core.internal.Bundles - 	Entry: C:\Users\Parth\.p2\pool\plugins\org.eclipse.m2e.maven.runtime_3.8.604.20221130-2149\jars\guice-4.2.2-no_aop.jar
2023-09-01 14:40:17,304 [Worker-5: Launching mavenrun-b6352e2b-9eaa-4474-8778-9bcb0df3695f] INFO  o.eclipse.m2e.core.internal.Bundles - 	Entry: C:\Users\Parth\.p2\pool\plugins\org.eclipse.m2e.maven.runtime_3.8.604.20221130-2149\jars\jansi-2.4.0.jar
2023-09-01 14:40:17,304 [Worker-5: Launching mavenrun-b6352e2b-9eaa-4474-8778-9bcb0df3695f] INFO  o.eclipse.m2e.core.internal.Bundles - 	Entry: C:\Users\Parth\.p2\pool\plugins\org.eclipse.m2e.maven.runtime_3.8.604.20221130-2149\jars\maven-artifact-3.8.6.jar
2023-09-01 14:40:17,305 [Worker-5: Launching mavenrun-b6352e2b-9eaa-4474-8778-9bcb0df3695f] INFO  o.eclipse.m2e.core.internal.Bundles - 	Entry: C:\Users\Parth\.p2\pool\plugins\org.eclipse.m2e.maven.runtime_3.8.604.20221130-2149\jars\maven-builder-support-3.8.6.jar
2023-09-01 14:40:17,305 [Worker-5: Launching mavenrun-b6352e2b-9eaa-4474-8778-9bcb0df3695f] INFO  o.eclipse.m2e.core.internal.Bundles - 	Entry: C:\Users\Parth\.p2\pool\plugins\org.eclipse.m2e.maven.runtime_3.8.604.20221130-2149\jars\maven-compat-3.8.6.jar
2023-09-01 14:40:17,305 [Worker-5: Launching mavenrun-b6352e2b-9eaa-4474-8778-9bcb0df3695f] INFO  o.eclipse.m2e.core.internal.Bundles - 	Entry: C:\Users\Parth\.p2\pool\plugins\org.eclipse.m2e.maven.runtime_3.8.604.20221130-2149\jars\maven-core-3.8.6.jar
2023-09-01 14:40:17,305 [Worker-5: Launching mavenrun-b6352e2b-9eaa-4474-8778-9bcb0df3695f] INFO  o.eclipse.m2e.core.internal.Bundles - 	Entry: C:\Users\Parth\.p2\pool\plugins\org.eclipse.m2e.maven.runtime_3.8.604.20221130-2149\jars\maven-embedder-3.8.6.jar
2023-09-01 14:40:17,305 [Worker-5: Launching mavenrun-b6352e2b-9eaa-4474-8778-9bcb0df3695f] INFO  o.eclipse.m2e.core.internal.Bundles - 	Entry: C:\Users\Parth\.p2\pool\plugins\org.eclipse.m2e.maven.runtime_3.8.604.20221130-2149\jars\maven-model-3.8.6.jar
2023-09-01 14:40:17,305 [Worker-5: Launching mavenrun-b6352e2b-9eaa-4474-8778-9bcb0df3695f] INFO  o.eclipse.m2e.core.internal.Bundles - 	Entry: C:\Users\Parth\.p2\pool\plugins\org.eclipse.m2e.maven.runtime_3.8.604.20221130-2149\jars\maven-model-builder-3.8.6.jar
2023-09-01 14:40:17,305 [Worker-5: Launching mavenrun-b6352e2b-9eaa-4474-8778-9bcb0df3695f] INFO  o.eclipse.m2e.core.internal.Bundles - 	Entry: C:\Users\Parth\.p2\pool\plugins\org.eclipse.m2e.maven.runtime_3.8.604.20221130-2149\jars\maven-plugin-api-3.8.6.jar
2023-09-01 14:40:17,305 [Worker-5: Launching mavenrun-b6352e2b-9eaa-4474-8778-9bcb0df3695f] INFO  o.eclipse.m2e.core.internal.Bundles - 	Entry: C:\Users\Parth\.p2\pool\plugins\org.eclipse.m2e.maven.runtime_3.8.604.20221130-2149\jars\maven-repository-metadata-3.8.6.jar
2023-09-01 14:40:17,307 [Worker-5: Launching mavenrun-b6352e2b-9eaa-4474-8778-9bcb0df3695f] INFO  o.eclipse.m2e.core.internal.Bundles - 	Entry: C:\Users\Parth\.p2\pool\plugins\org.eclipse.m2e.maven.runtime_3.8.604.20221130-2149\jars\maven-resolver-api-1.6.3.jar
2023-09-01 14:40:17,307 [Worker-5: Launching mavenrun-b6352e2b-9eaa-4474-8778-9bcb0df3695f] INFO  o.eclipse.m2e.core.internal.Bundles - 	Entry: C:\Users\Parth\.p2\pool\plugins\org.eclipse.m2e.maven.runtime_3.8.604.20221130-2149\jars\maven-resolver-connector-basic-1.6.3.jar
2023-09-01 14:40:17,307 [Worker-5: Launching mavenrun-b6352e2b-9eaa-4474-8778-9bcb0df3695f] INFO  o.eclipse.m2e.core.internal.Bundles - 	Entry: C:\Users\Parth\.p2\pool\plugins\org.eclipse.m2e.maven.runtime_3.8.604.20221130-2149\jars\maven-resolver-impl-1.6.3.jar
2023-09-01 14:40:17,307 [Worker-5: Launching mavenrun-b6352e2b-9eaa-4474-8778-9bcb0df3695f] INFO  o.eclipse.m2e.core.internal.Bundles - 	Entry: C:\Users\Parth\.p2\pool\plugins\org.eclipse.m2e.maven.runtime_3.8.604.20221130-2149\jars\maven-resolver-provider-3.8.6.jar
2023-09-01 14:40:17,307 [Worker-5: Launching mavenrun-b6352e2b-9eaa-4474-8778-9bcb0df3695f] INFO  o.eclipse.m2e.core.internal.Bundles - 	Entry: C:\Users\Parth\.p2\pool\plugins\org.eclipse.m2e.maven.runtime_3.8.604.20221130-2149\jars\maven-resolver-spi-1.6.3.jar
2023-09-01 14:40:17,307 [Worker-5: Launching mavenrun-b6352e2b-9eaa-4474-8778-9bcb0df3695f] INFO  o.eclipse.m2e.core.internal.Bundles - 	Entry: C:\Users\Parth\.p2\pool\plugins\org.eclipse.m2e.maven.runtime_3.8.604.20221130-2149\jars\maven-resolver-transport-wagon-1.6.3.jar
2023-09-01 14:40:17,307 [Worker-5: Launching mavenrun-b6352e2b-9eaa-4474-8778-9bcb0df3695f] INFO  o.eclipse.m2e.core.internal.Bundles - 	Entry: C:\Users\Parth\.p2\pool\plugins\org.eclipse.m2e.maven.runtime_3.8.604.20221130-2149\jars\maven-resolver-util-1.6.3.jar
2023-09-01 14:40:17,307 [Worker-5: Launching mavenrun-b6352e2b-9eaa-4474-8778-9bcb0df3695f] INFO  o.eclipse.m2e.core.internal.Bundles - 	Entry: C:\Users\Parth\.p2\pool\plugins\org.eclipse.m2e.maven.runtime_3.8.604.20221130-2149\jars\maven-settings-3.8.6.jar
2023-09-01 14:40:17,307 [Worker-5: Launching mavenrun-b6352e2b-9eaa-4474-8778-9bcb0df3695f] INFO  o.eclipse.m2e.core.internal.Bundles - 	Entry: C:\Users\Parth\.p2\pool\plugins\org.eclipse.m2e.maven.runtime_3.8.604.20221130-2149\jars\maven-settings-builder-3.8.6.jar
2023-09-01 14:40:17,307 [Worker-5: Launching mavenrun-b6352e2b-9eaa-4474-8778-9bcb0df3695f] INFO  o.eclipse.m2e.core.internal.Bundles - 	Entry: C:\Users\Parth\.p2\pool\plugins\org.eclipse.m2e.maven.runtime_3.8.604.20221130-2149\jars\maven-shared-utils-3.3.4.jar
2023-09-01 14:40:17,307 [Worker-5: Launching mavenrun-b6352e2b-9eaa-4474-8778-9bcb0df3695f] INFO  o.eclipse.m2e.core.internal.Bundles - 	Entry: C:\Users\Parth\.p2\pool\plugins\org.eclipse.m2e.maven.runtime_3.8.604.20221130-2149\jars\okhttp-3.14.1.jar
2023-09-01 14:40:17,307 [Worker-5: Launching mavenrun-b6352e2b-9eaa-4474-8778-9bcb0df3695f] INFO  o.eclipse.m2e.core.internal.Bundles - 	Entry: C:\Users\Parth\.p2\pool\plugins\org.eclipse.m2e.maven.runtime_3.8.604.20221130-2149\jars\okio-1.17.3.jar
2023-09-01 14:40:17,307 [Worker-5: Launching mavenrun-b6352e2b-9eaa-4474-8778-9bcb0df3695f] INFO  o.eclipse.m2e.core.internal.Bundles - 	Entry: C:\Users\Parth\.p2\pool\plugins\org.eclipse.m2e.maven.runtime_3.8.604.20221130-2149\jars\org.eclipse.sisu.inject-0.3.5.jar
2023-09-01 14:40:17,307 [Worker-5: Launching mavenrun-b6352e2b-9eaa-4474-8778-9bcb0df3695f] INFO  o.eclipse.m2e.core.internal.Bundles - 	Entry: C:\Users\Parth\.p2\pool\plugins\org.eclipse.m2e.maven.runtime_3.8.604.20221130-2149\jars\org.eclipse.sisu.plexus-0.3.5.jar
2023-09-01 14:40:17,309 [Worker-5: Launching mavenrun-b6352e2b-9eaa-4474-8778-9bcb0df3695f] INFO  o.eclipse.m2e.core.internal.Bundles - 	Entry: C:\Users\Parth\.p2\pool\plugins\org.eclipse.m2e.maven.runtime_3.8.604.20221130-2149\jars\plexus-build-api-0.0.7.jar
2023-09-01 14:40:17,309 [Worker-5: Launching mavenrun-b6352e2b-9eaa-4474-8778-9bcb0df3695f] INFO  o.eclipse.m2e.core.internal.Bundles - 	Entry: C:\Users\Parth\.p2\pool\plugins\org.eclipse.m2e.maven.runtime_3.8.604.20221130-2149\jars\plexus-cipher-2.0.jar
2023-09-01 14:40:17,309 [Worker-5: Launching mavenrun-b6352e2b-9eaa-4474-8778-9bcb0df3695f] INFO  o.eclipse.m2e.core.internal.Bundles - 	Entry: C:\Users\Parth\.p2\pool\plugins\org.eclipse.m2e.maven.runtime_3.8.604.20221130-2149\jars\plexus-classworlds-2.6.0.jar
2023-09-01 14:40:17,309 [Worker-5: Launching mavenrun-b6352e2b-9eaa-4474-8778-9bcb0df3695f] INFO  o.eclipse.m2e.core.internal.Bundles - 	Entry: C:\Users\Parth\.p2\pool\plugins\org.eclipse.m2e.maven.runtime_3.8.604.20221130-2149\jars\plexus-component-annotations-2.1.0.jar
2023-09-01 14:40:17,309 [Worker-5: Launching mavenrun-b6352e2b-9eaa-4474-8778-9bcb0df3695f] INFO  o.eclipse.m2e.core.internal.Bundles - 	Entry: C:\Users\Parth\.p2\pool\plugins\org.eclipse.m2e.maven.runtime_3.8.604.20221130-2149\jars\plexus-interpolation-1.26.jar
2023-09-01 14:40:17,309 [Worker-5: Launching mavenrun-b6352e2b-9eaa-4474-8778-9bcb0df3695f] INFO  o.eclipse.m2e.core.internal.Bundles - 	Entry: C:\Users\Parth\.p2\pool\plugins\org.eclipse.m2e.maven.runtime_3.8.604.20221130-2149\jars\plexus-sec-dispatcher-2.0.jar
2023-09-01 14:40:17,310 [Worker-5: Launching mavenrun-b6352e2b-9eaa-4474-8778-9bcb0df3695f] INFO  o.eclipse.m2e.core.internal.Bundles - 	Entry: C:\Users\Parth\.p2\pool\plugins\org.eclipse.m2e.maven.runtime_3.8.604.20221130-2149\jars\plexus-utils-3.3.1.jar
2023-09-01 14:40:17,310 [Worker-5: Launching mavenrun-b6352e2b-9eaa-4474-8778-9bcb0df3695f] INFO  o.eclipse.m2e.core.internal.Bundles - 	Entry: C:\Users\Parth\.p2\pool\plugins\org.eclipse.m2e.maven.runtime_3.8.604.20221130-2149\jars\wagon-file-3.5.1.jar
2023-09-01 14:40:17,310 [Worker-5: Launching mavenrun-b6352e2b-9eaa-4474-8778-9bcb0df3695f] INFO  o.eclipse.m2e.core.internal.Bundles - 	Entry: C:\Users\Parth\.p2\pool\plugins\org.eclipse.m2e.maven.runtime_3.8.604.20221130-2149\jars\wagon-provider-api-3.5.1.jar
2023-09-01 14:40:17,311 [Worker-5: Launching mavenrun-b6352e2b-9eaa-4474-8778-9bcb0df3695f] INFO  o.eclipse.m2e.core.internal.Bundles - getClasspathEntries(Bundle=com.google.guava_30.1.0.v20221112-0806 [8])
2023-09-01 14:40:17,312 [Worker-5: Launching mavenrun-b6352e2b-9eaa-4474-8778-9bcb0df3695f] INFO  o.eclipse.m2e.core.internal.Bundles - 	Entry: C:\Users\Parth\.p2\pool\plugins\com.google.guava_30.1.0.v20221112-0806.jar
2023-09-01 14:40:17,312 [Worker-5: Launching mavenrun-b6352e2b-9eaa-4474-8778-9bcb0df3695f] INFO  o.eclipse.m2e.core.internal.Bundles - getClasspathEntries(Bundle=slf4j.api_1.7.36 [431])
2023-09-01 14:40:17,314 [Worker-5: Launching mavenrun-b6352e2b-9eaa-4474-8778-9bcb0df3695f] INFO  o.eclipse.m2e.core.internal.Bundles - 	Entry: C:\Users\Parth\.p2\pool\plugins\slf4j.api_1.7.36.jar
2023-09-01 14:40:17,314 [Worker-5: Launching mavenrun-b6352e2b-9eaa-4474-8778-9bcb0df3695f] INFO  o.eclipse.m2e.core.internal.Bundles - getClasspathEntries(Bundle=javax.inject_1.0.0.v20220405-0441 [18])
2023-09-01 14:40:17,315 [Worker-5: Launching mavenrun-b6352e2b-9eaa-4474-8778-9bcb0df3695f] INFO  o.eclipse.m2e.core.internal.Bundles - 	Entry: C:\Users\Parth\.p2\pool\plugins\javax.inject_1.0.0.v20220405-0441.jar
2023-09-01 14:40:17,315 [Worker-5: Launching mavenrun-b6352e2b-9eaa-4474-8778-9bcb0df3695f] INFO  o.eclipse.m2e.core.internal.Bundles - getClasspathEntries(Bundle=javax.annotation_1.3.5.v20221112-0806 [16])
2023-09-01 14:40:17,317 [Worker-5: Launching mavenrun-b6352e2b-9eaa-4474-8778-9bcb0df3695f] INFO  o.eclipse.m2e.core.internal.Bundles - 	Entry: C:\Users\Parth\.p2\pool\plugins\javax.annotation_1.3.5.v20221112-0806.jar
2023-09-01 14:40:17,324 [Worker-5: Launching mavenrun-b6352e2b-9eaa-4474-8778-9bcb0df3695f] INFO  o.e.m.i.launch.MavenLaunchDelegate - Run build in "C:\Users\Parth\AppData\Local\Temp\m2e-archetypeGenerator8713178382905392710":
2023-09-01 14:40:17,327 [Worker-5: Launching mavenrun-b6352e2b-9eaa-4474-8778-9bcb0df3695f] INFO  o.e.m.i.launch.MavenLaunchDelegate -  mvn  -DarchetypeGroupId=org.apache.maven.archetypes -DarchetypeArtifactId=maven-archetype-quickstart -DarchetypeVersion=1.4 -DgroupId=stctest -DartifactId=sepv2357 -Dversion=0.0.1-SNAPSHOT -Dpackage=stctest.sepv2357 -DoutputDirectory=D:\Satish\03Eclipse_Workspace\wsSeptember2023v1 -Dstyle.color=always -U archetype:generate
2023-09-01 14:42:13,233 [Worker-10: Creating maven-archetype-quickstart] INFO  o.e.m.c.i.p.ProjectConfigurationManager - Collecting project info '/pom.xml' D:\Satish\03Eclipse_Workspace\wsSeptember2023v1\sepv2357\pom.xml
2023-09-01 14:42:13,844 [Worker-10: Creating maven-archetype-quickstart] INFO  o.e.m.c.i.l.LifecycleMappingFactory - Using org.eclipse.m2e.jdt.JarLifecycleMapping lifecycle mapping for MavenProject: stctest:sepv2357:0.0.1-SNAPSHOT @ D:\Satish\03Eclipse_Workspace\wsSeptember2023v1\sepv2357\pom.xml.
2023-09-01 14:42:14,506 [Worker-10: Creating maven-archetype-quickstart] INFO  o.e.m.c.i.e.AbstractTransferListenerAdapter - Downloading https://repo.maven.apache.org/maven2/junit/junit/4.11/junit-4.11.pom
2023-09-01 14:42:14,576 [Worker-10: Creating maven-archetype-quickstart] INFO  o.e.m.c.i.e.AbstractTransferListenerAdapter - Downloaded https://repo.maven.apache.org/maven2/junit/junit/4.11/junit-4.11.pom
2023-09-01 14:42:14,668 [Worker-10: Creating maven-archetype-quickstart] INFO  o.e.m.c.i.e.AbstractTransferListenerAdapter - Downloading https://repo.maven.apache.org/maven2/junit/junit/4.11/junit-4.11.jar
2023-09-01 14:42:16,499 [Worker-10: Creating maven-archetype-quickstart] INFO  o.e.m.c.i.e.AbstractTransferListenerAdapter - Downloaded https://repo.maven.apache.org/maven2/junit/junit/4.11/junit-4.11.jar
2023-09-01 14:42:16,906 [Worker-10: Creating maven-archetype-quickstart] INFO  o.e.m.j.i.AbstractJavaProjectConfigurator - Adding source folder /sepv2357/src/main/java
2023-09-01 14:42:16,915 [Worker-10: Creating maven-archetype-quickstart] INFO  o.e.m.j.i.AbstractJavaProjectConfigurator - Adding source folder /sepv2357/src/test/java
2023-09-01 14:42:17,049 [Worker-10: Creating maven-archetype-quickstart] INFO  o.e.m.c.i.p.ProjectConfigurationManager - Imported and configured 1 project(s) in 3 sec
2023-09-01 14:42:17,809 [Worker-14: Building] INFO  o.e.m.c.i.embedder.EclipseLogger - Using 'UTF-8' encoding to copy filtered resources.
2023-09-01 14:42:17,809 [Worker-14: Building] INFO  o.e.m.c.i.embedder.EclipseLogger - skip non existing resourceDirectory D:\Satish\03Eclipse_Workspace\wsSeptember2023v1\sepv2357\src\main\resources
2023-09-01 14:42:17,813 [Worker-14: Building] INFO  o.e.m.c.i.embedder.EclipseLogger - Using 'UTF-8' encoding to copy filtered resources.
2023-09-01 14:42:17,813 [Worker-14: Building] INFO  o.e.m.c.i.embedder.EclipseLogger - skip non existing resourceDirectory D:\Satish\03Eclipse_Workspace\wsSeptember2023v1\sepv2357\src\test\resources
2023-09-01 14:42:18,048 [Worker-5: Download sources and javadoc] INFO  o.e.m.c.i.e.AbstractTransferListenerAdapter - Downloading https://repo.maven.apache.org/maven2/junit/junit/4.11/junit-4.11-sources.jar
2023-09-01 14:42:19,094 [Worker-5: Download sources and javadoc] INFO  o.e.m.c.i.e.AbstractTransferListenerAdapter - Downloaded https://repo.maven.apache.org/maven2/junit/junit/4.11/junit-4.11-sources.jar
2023-09-01 14:42:19,102 [Worker-5: Download sources and javadoc] INFO  o.e.m.j.internal.DownloadSourcesJob - Downloaded sources for junit:junit:4.11
2023-09-01 14:42:19,349 [Worker-5: Download sources and javadoc] INFO  o.e.m.c.i.e.AbstractTransferListenerAdapter - Downloading https://repo.maven.apache.org/maven2/org/hamcrest/hamcrest-core/1.3/hamcrest-core-1.3-sources.jar
2023-09-01 14:42:19,500 [Worker-5: Download sources and javadoc] INFO  o.e.m.c.i.e.AbstractTransferListenerAdapter - Downloaded https://repo.maven.apache.org/maven2/org/hamcrest/hamcrest-core/1.3/hamcrest-core-1.3-sources.jar
2023-09-01 14:42:19,504 [Worker-5: Download sources and javadoc] INFO  o.e.m.j.internal.DownloadSourcesJob - Downloaded sources for org.hamcrest:hamcrest-core:1.3
2023-09-01 14:42:19,662 [Worker-13: Building] INFO  o.e.m.c.i.embedder.EclipseLogger - Using 'UTF-8' encoding to copy filtered resources.
2023-09-01 14:42:19,662 [Worker-13: Building] INFO  o.e.m.c.i.embedder.EclipseLogger - skip non existing resourceDirectory D:\Satish\03Eclipse_Workspace\wsSeptember2023v1\sepv2357\src\main\resources
2023-09-01 14:42:19,664 [Worker-13: Building] INFO  o.e.m.c.i.embedder.EclipseLogger - Using 'UTF-8' encoding to copy filtered resources.
2023-09-01 14:42:19,664 [Worker-13: Building] INFO  o.e.m.c.i.embedder.EclipseLogger - skip non existing resourceDirectory D:\Satish\03Eclipse_Workspace\wsSeptember2023v1\sepv2357\src\test\resources
2023-09-01 14:43:40,522 [Worker-15: Building] INFO  o.e.m.c.i.l.LifecycleMappingFactory - Using org.eclipse.m2e.jdt.JarLifecycleMapping lifecycle mapping for MavenProject: stctest:sepv2357:0.0.1-SNAPSHOT @ D:\Satish\03Eclipse_Workspace\wsSeptember2023v1\sepv2357\pom.xml.
2023-09-01 14:43:40,925 [Worker-15: Building] INFO  o.e.m.c.i.embedder.EclipseLogger - Using 'UTF-8' encoding to copy filtered resources.
2023-09-01 14:43:40,925 [Worker-15: Building] INFO  o.e.m.c.i.embedder.EclipseLogger - skip non existing resourceDirectory D:\Satish\03Eclipse_Workspace\wsSeptember2023v1\sepv2357\src\main\resources
2023-09-01 14:43:40,928 [Worker-15: Building] INFO  o.e.m.c.i.embedder.EclipseLogger - Using 'UTF-8' encoding to copy filtered resources.
2023-09-01 14:43:40,928 [Worker-15: Building] INFO  o.e.m.c.i.embedder.EclipseLogger - skip non existing resourceDirectory D:\Satish\03Eclipse_Workspace\wsSeptember2023v1\sepv2357\src\test\resources
2023-09-01 14:43:42,413 [Worker-15: Building] INFO  o.e.m.c.i.embedder.EclipseLogger - Using 'UTF-8' encoding to copy filtered resources.
2023-09-01 14:43:42,414 [Worker-15: Building] INFO  o.e.m.c.i.embedder.EclipseLogger - skip non existing resourceDirectory D:\Satish\03Eclipse_Workspace\wsSeptember2023v1\sepv2357\src\main\resources
2023-09-01 14:43:42,415 [Worker-15: Building] INFO  o.e.m.c.i.embedder.EclipseLogger - Using 'UTF-8' encoding to copy filtered resources.
2023-09-01 14:43:42,415 [Worker-15: Building] INFO  o.e.m.c.i.embedder.EclipseLogger - skip non existing resourceDirectory D:\Satish\03Eclipse_Workspace\wsSeptember2023v1\sepv2357\src\test\resources
2023-09-01 14:43:51,622 [Worker-15: Building] INFO  o.e.m.c.i.embedder.EclipseLogger - Using 'UTF-8' encoding to copy filtered resources.
2023-09-01 14:43:51,623 [Worker-15: Building] INFO  o.e.m.c.i.embedder.EclipseLogger - skip non existing resourceDirectory D:\Satish\03Eclipse_Workspace\wsSeptember2023v1\sepv2357\src\main\resources
2023-09-01 14:43:51,626 [Worker-15: Building] INFO  o.e.m.c.i.embedder.EclipseLogger - Using 'UTF-8' encoding to copy filtered resources.
2023-09-01 14:43:51,626 [Worker-15: Building] INFO  o.e.m.c.i.embedder.EclipseLogger - skip non existing resourceDirectory D:\Satish\03Eclipse_Workspace\wsSeptember2023v1\sepv2357\src\test\resources
2023-09-01 14:44:08,705 [Worker-15: Building] INFO  o.e.m.c.i.embedder.EclipseLogger - Using 'UTF-8' encoding to copy filtered resources.
2023-09-01 14:44:08,705 [Worker-15: Building] INFO  o.e.m.c.i.embedder.EclipseLogger - skip non existing resourceDirectory D:\Satish\03Eclipse_Workspace\wsSeptember2023v1\sepv2357\src\main\resources
2023-09-01 14:44:08,707 [Worker-15: Building] INFO  o.e.m.c.i.embedder.EclipseLogger - Using 'UTF-8' encoding to copy filtered resources.
2023-09-01 14:44:08,707 [Worker-15: Building] INFO  o.e.m.c.i.embedder.EclipseLogger - skip non existing resourceDirectory D:\Satish\03Eclipse_Workspace\wsSeptember2023v1\sepv2357\src\test\resources
2023-09-01 14:44:09,723 [Worker-17: Building] INFO  o.e.m.c.i.embedder.EclipseLogger - Using 'UTF-8' encoding to copy filtered resources.
2023-09-01 14:44:09,724 [Worker-17: Building] INFO  o.e.m.c.i.embedder.EclipseLogger - skip non existing resourceDirectory D:\Satish\03Eclipse_Workspace\wsSeptember2023v1\sepv2357\src\main\resources
2023-09-01 14:44:09,725 [Worker-17: Building] INFO  o.e.m.c.i.embedder.EclipseLogger - Using 'UTF-8' encoding to copy filtered resources.
2023-09-01 14:44:09,725 [Worker-17: Building] INFO  o.e.m.c.i.embedder.EclipseLogger - skip non existing resourceDirectory D:\Satish\03Eclipse_Workspace\wsSeptember2023v1\sepv2357\src\test\resources
2023-09-01 14:44:38,879 [Worker-16: Building] INFO  o.e.m.c.i.embedder.EclipseLogger - Using 'UTF-8' encoding to copy filtered resources.
2023-09-01 14:44:38,879 [Worker-16: Building] INFO  o.e.m.c.i.embedder.EclipseLogger - skip non existing resourceDirectory D:\Satish\03Eclipse_Workspace\wsSeptember2023v1\sepv2357\src\main\resources
2023-09-01 14:44:38,881 [Worker-16: Building] INFO  o.e.m.c.i.embedder.EclipseLogger - Using 'UTF-8' encoding to copy filtered resources.
2023-09-01 14:44:38,881 [Worker-16: Building] INFO  o.e.m.c.i.embedder.EclipseLogger - skip non existing resourceDirectory D:\Satish\03Eclipse_Workspace\wsSeptember2023v1\sepv2357\src\test\resources
2023-09-01 14:45:29,209 [Worker-5: Building] INFO  o.e.m.c.i.embedder.EclipseLogger - Using 'UTF-8' encoding to copy filtered resources.
2023-09-01 14:45:29,209 [Worker-5: Building] INFO  o.e.m.c.i.embedder.EclipseLogger - skip non existing resourceDirectory D:\Satish\03Eclipse_Workspace\wsSeptember2023v1\sepv2357\src\main\resources
2023-09-01 14:45:29,210 [Worker-5: Building] INFO  o.e.m.c.i.embedder.EclipseLogger - Using 'UTF-8' encoding to copy filtered resources.
2023-09-01 14:45:29,210 [Worker-5: Building] INFO  o.e.m.c.i.embedder.EclipseLogger - skip non existing resourceDirectory D:\Satish\03Eclipse_Workspace\wsSeptember2023v1\sepv2357\src\test\resources
2023-09-01 14:45:36,768 [Worker-13: Building] INFO  o.e.m.c.i.embedder.EclipseLogger - Using 'UTF-8' encoding to copy filtered resources.
2023-09-01 14:45:36,769 [Worker-13: Building] INFO  o.e.m.c.i.embedder.EclipseLogger - skip non existing resourceDirectory D:\Satish\03Eclipse_Workspace\wsSeptember2023v1\sepv2357\src\main\resources
2023-09-01 14:45:36,770 [Worker-13: Building] INFO  o.e.m.c.i.embedder.EclipseLogger - Using 'UTF-8' encoding to copy filtered resources.
2023-09-01 14:45:36,770 [Worker-13: Building] INFO  o.e.m.c.i.embedder.EclipseLogger - skip non existing resourceDirectory D:\Satish\03Eclipse_Workspace\wsSeptember2023v1\sepv2357\src\test\resources
2023-09-01 14:45:50,398 [Worker-18: Building] INFO  o.e.m.c.i.embedder.EclipseLogger - Using 'UTF-8' encoding to copy filtered resources.
2023-09-01 14:45:50,398 [Worker-18: Building] INFO  o.e.m.c.i.embedder.EclipseLogger - skip non existing resourceDirectory D:\Satish\03Eclipse_Workspace\wsSeptember2023v1\sepv2357\src\main\resources
2023-09-01 14:45:50,398 [Worker-18: Building] INFO  o.e.m.c.i.embedder.EclipseLogger - Using 'UTF-8' encoding to copy filtered resources.
2023-09-01 14:45:50,398 [Worker-18: Building] INFO  o.e.m.c.i.embedder.EclipseLogger - skip non existing resourceDirectory D:\Satish\03Eclipse_Workspace\wsSeptember2023v1\sepv2357\src\test\resources
2023-09-01 14:52:57,765 [Worker-14: Building] INFO  o.e.m.c.i.embedder.EclipseLogger - Using 'UTF-8' encoding to copy filtered resources.
2023-09-01 14:52:57,766 [Worker-14: Building] INFO  o.e.m.c.i.embedder.EclipseLogger - skip non existing resourceDirectory D:\Satish\03Eclipse_Workspace\wsSeptember2023v1\sepv2357\src\main\resources
2023-09-01 14:52:57,767 [Worker-14: Building] INFO  o.e.m.c.i.embedder.EclipseLogger - Using 'UTF-8' encoding to copy filtered resources.
2023-09-01 14:52:57,767 [Worker-14: Building] INFO  o.e.m.c.i.embedder.EclipseLogger - skip non existing resourceDirectory D:\Satish\03Eclipse_Workspace\wsSeptember2023v1\sepv2357\src\test\resources
2023-09-01 14:53:05,131 [Worker-14: Building] INFO  o.e.m.c.i.embedder.EclipseLogger - Using 'UTF-8' encoding to copy filtered resources.
2023-09-01 14:53:05,131 [Worker-14: Building] INFO  o.e.m.c.i.embedder.EclipseLogger - skip non existing resourceDirectory D:\Satish\03Eclipse_Workspace\wsSeptember2023v1\sepv2357\src\main\resources
2023-09-01 14:53:05,132 [Worker-14: Building] INFO  o.e.m.c.i.embedder.EclipseLogger - Using 'UTF-8' encoding to copy filtered resources.
2023-09-01 14:53:05,132 [Worker-14: Building] INFO  o.e.m.c.i.embedder.EclipseLogger - skip non existing resourceDirectory D:\Satish\03Eclipse_Workspace\wsSeptember2023v1\sepv2357\src\test\resources
2023-09-01 14:53:32,625 [Worker-19: Building] INFO  o.e.m.c.i.embedder.EclipseLogger - Using 'UTF-8' encoding to copy filtered resources.
2023-09-01 14:53:32,625 [Worker-19: Building] INFO  o.e.m.c.i.embedder.EclipseLogger - skip non existing resourceDirectory D:\Satish\03Eclipse_Workspace\wsSeptember2023v1\sepv2357\src\main\resources
2023-09-01 14:53:32,626 [Worker-19: Building] INFO  o.e.m.c.i.embedder.EclipseLogger - Using 'UTF-8' encoding to copy filtered resources.
2023-09-01 14:53:32,627 [Worker-19: Building] INFO  o.e.m.c.i.embedder.EclipseLogger - skip non existing resourceDirectory D:\Satish\03Eclipse_Workspace\wsSeptember2023v1\sepv2357\src\test\resources
2023-09-01 15:01:06,037 [Worker-15: Building] INFO  o.e.m.c.i.embedder.EclipseLogger - Using 'UTF-8' encoding to copy filtered resources.
2023-09-01 15:01:06,038 [Worker-15: Building] INFO  o.e.m.c.i.embedder.EclipseLogger - skip non existing resourceDirectory D:\Satish\03Eclipse_Workspace\wsSeptember2023v1\sepv2357\src\main\resources
2023-09-01 15:01:06,040 [Worker-15: Building] INFO  o.e.m.c.i.embedder.EclipseLogger - Using 'UTF-8' encoding to copy filtered resources.
2023-09-01 15:01:06,040 [Worker-15: Building] INFO  o.e.m.c.i.embedder.EclipseLogger - skip non existing resourceDirectory D:\Satish\03Eclipse_Workspace\wsSeptember2023v1\sepv2357\src\test\resources
2023-09-01 15:01:32,173 [Worker-27: Building] INFO  o.e.m.c.i.embedder.EclipseLogger - Using 'UTF-8' encoding to copy filtered resources.
2023-09-01 15:01:32,173 [Worker-27: Building] INFO  o.e.m.c.i.embedder.EclipseLogger - skip non existing resourceDirectory D:\Satish\03Eclipse_Workspace\wsSeptember2023v1\sepv2357\src\main\resources
2023-09-01 15:01:32,174 [Worker-27: Building] INFO  o.e.m.c.i.embedder.EclipseLogger - Using 'UTF-8' encoding to copy filtered resources.
2023-09-01 15:01:32,174 [Worker-27: Building] INFO  o.e.m.c.i.embedder.EclipseLogger - skip non existing resourceDirectory D:\Satish\03Eclipse_Workspace\wsSeptember2023v1\sepv2357\src\test\resources
2023-09-01 15:03:13,954 [Worker-29: Building] INFO  o.e.m.c.i.embedder.EclipseLogger - Using 'UTF-8' encoding to copy filtered resources.
2023-09-01 15:03:13,954 [Worker-29: Building] INFO  o.e.m.c.i.embedder.EclipseLogger - skip non existing resourceDirectory D:\Satish\03Eclipse_Workspace\wsSeptember2023v1\sepv2357\src\main\resources
2023-09-01 15:03:13,955 [Worker-29: Building] INFO  o.e.m.c.i.embedder.EclipseLogger - Using 'UTF-8' encoding to copy filtered resources.
2023-09-01 15:03:13,955 [Worker-29: Building] INFO  o.e.m.c.i.embedder.EclipseLogger - skip non existing resourceDirectory D:\Satish\03Eclipse_Workspace\wsSeptember2023v1\sepv2357\src\test\resources
2023-09-01 15:52:50,989 [Worker-30: Building] INFO  o.e.m.c.i.embedder.EclipseLogger - Using 'UTF-8' encoding to copy filtered resources.
2023-09-01 15:52:50,990 [Worker-30: Building] INFO  o.e.m.c.i.embedder.EclipseLogger - skip non existing resourceDirectory D:\Satish\03Eclipse_Workspace\wsSeptember2023v1\sepv2357\src\main\resources
2023-09-01 15:52:50,992 [Worker-30: Building] INFO  o.e.m.c.i.embedder.EclipseLogger - Using 'UTF-8' encoding to copy filtered resources.
2023-09-01 15:52:50,992 [Worker-30: Building] INFO  o.e.m.c.i.embedder.EclipseLogger - skip non existing resourceDirectory D:\Satish\03Eclipse_Workspace\wsSeptember2023v1\sepv2357\src\test\resources
2023-09-01 15:53:11,330 [Worker-31: Building] INFO  o.e.m.c.i.embedder.EclipseLogger - Using 'UTF-8' encoding to copy filtered resources.
2023-09-01 15:53:11,330 [Worker-31: Building] INFO  o.e.m.c.i.embedder.EclipseLogger - skip non existing resourceDirectory D:\Satish\03Eclipse_Workspace\wsSeptember2023v1\sepv2357\src\main\resources
2023-09-01 15:53:11,333 [Worker-31: Building] INFO  o.e.m.c.i.embedder.EclipseLogger - Using 'UTF-8' encoding to copy filtered resources.
2023-09-01 15:53:11,333 [Worker-31: Building] INFO  o.e.m.c.i.embedder.EclipseLogger - skip non existing resourceDirectory D:\Satish\03Eclipse_Workspace\wsSeptember2023v1\sepv2357\src\test\resources
2023-09-01 15:59:19,828 [Worker-31: Building] INFO  o.e.m.c.i.embedder.EclipseLogger - Using 'UTF-8' encoding to copy filtered resources.
2023-09-01 15:59:19,828 [Worker-31: Building] INFO  o.e.m.c.i.embedder.EclipseLogger - skip non existing resourceDirectory D:\Satish\03Eclipse_Workspace\wsSeptember2023v1\sepv2357\src\main\resources
2023-09-01 15:59:19,828 [Worker-31: Building] INFO  o.e.m.c.i.embedder.EclipseLogger - Using 'UTF-8' encoding to copy filtered resources.
2023-09-01 15:59:19,828 [Worker-31: Building] INFO  o.e.m.c.i.embedder.EclipseLogger - skip non existing resourceDirectory D:\Satish\03Eclipse_Workspace\wsSeptember2023v1\sepv2357\src\test\resources
2023-09-01 15:59:49,545 [Worker-33: Building] INFO  o.e.m.c.i.embedder.EclipseLogger - Using 'UTF-8' encoding to copy filtered resources.
2023-09-01 15:59:49,546 [Worker-33: Building] INFO  o.e.m.c.i.embedder.EclipseLogger - skip non existing resourceDirectory D:\Satish\03Eclipse_Workspace\wsSeptember2023v1\sepv2357\src\main\resources
2023-09-01 15:59:49,550 [Worker-33: Building] INFO  o.e.m.c.i.embedder.EclipseLogger - Using 'UTF-8' encoding to copy filtered resources.
2023-09-01 15:59:49,550 [Worker-33: Building] INFO  o.e.m.c.i.embedder.EclipseLogger - skip non existing resourceDirectory D:\Satish\03Eclipse_Workspace\wsSeptember2023v1\sepv2357\src\test\resources
2023-09-01 16:06:49,658 [Worker-38: Building] INFO  o.e.m.c.i.embedder.EclipseLogger - Using 'UTF-8' encoding to copy filtered resources.
2023-09-01 16:06:49,658 [Worker-38: Building] INFO  o.e.m.c.i.embedder.EclipseLogger - skip non existing resourceDirectory D:\Satish\03Eclipse_Workspace\wsSeptember2023v1\sepv2357\src\main\resources
2023-09-01 16:06:49,661 [Worker-38: Building] INFO  o.e.m.c.i.embedder.EclipseLogger - Using 'UTF-8' encoding to copy filtered resources.
2023-09-01 16:06:49,661 [Worker-38: Building] INFO  o.e.m.c.i.embedder.EclipseLogger - skip non existing resourceDirectory D:\Satish\03Eclipse_Workspace\wsSeptember2023v1\sepv2357\src\test\resources
2023-09-01 16:09:20,708 [Worker-41: Building] INFO  o.e.m.c.i.l.LifecycleMappingFactory - Using org.eclipse.m2e.jdt.JarLifecycleMapping lifecycle mapping for MavenProject: stctest:sepv2357:0.0.1-SNAPSHOT @ D:\Satish\03Eclipse_Workspace\wsSeptember2023v1\sepv2357\pom.xml.
2023-09-01 16:09:21,068 [Worker-41: Building] INFO  o.e.m.c.i.embedder.EclipseLogger - Using 'UTF-8' encoding to copy filtered resources.
2023-09-01 16:09:21,068 [Worker-41: Building] INFO  o.e.m.c.i.embedder.EclipseLogger - skip non existing resourceDirectory D:\Satish\03Eclipse_Workspace\wsSeptember2023v1\sepv2357\src\main\resources
2023-09-01 16:09:21,070 [Worker-41: Building] INFO  o.e.m.c.i.embedder.EclipseLogger - Using 'UTF-8' encoding to copy filtered resources.
2023-09-01 16:09:21,070 [Worker-41: Building] INFO  o.e.m.c.i.embedder.EclipseLogger - skip non existing resourceDirectory D:\Satish\03Eclipse_Workspace\wsSeptember2023v1\sepv2357\src\test\resources
2023-09-01 16:09:28,550 [Worker-39: Building] INFO  o.e.m.c.i.l.LifecycleMappingFactory - Using org.eclipse.m2e.jdt.JarLifecycleMapping lifecycle mapping for MavenProject: stctest:sepv2357:0.0.1-SNAPSHOT @ D:\Satish\03Eclipse_Workspace\wsSeptember2023v1\sepv2357\pom.xml.
2023-09-01 16:09:28,833 [Worker-39: Building] INFO  o.e.m.c.i.embedder.EclipseLogger - Using 'UTF-8' encoding to copy filtered resources.
2023-09-01 16:09:28,833 [Worker-39: Building] INFO  o.e.m.c.i.embedder.EclipseLogger - skip non existing resourceDirectory D:\Satish\03Eclipse_Workspace\wsSeptember2023v1\sepv2357\src\main\resources
2023-09-01 16:09:28,836 [Worker-39: Building] INFO  o.e.m.c.i.embedder.EclipseLogger - Using 'UTF-8' encoding to copy filtered resources.
2023-09-01 16:09:28,836 [Worker-39: Building] INFO  o.e.m.c.i.embedder.EclipseLogger - skip non existing resourceDirectory D:\Satish\03Eclipse_Workspace\wsSeptember2023v1\sepv2357\src\test\resources
2023-09-01 16:10:07,799 [Worker-41: Building] INFO  o.e.m.c.i.l.LifecycleMappingFactory - Using org.eclipse.m2e.jdt.JarLifecycleMapping lifecycle mapping for MavenProject: stctest:sepv2357:0.0.1-SNAPSHOT @ D:\Satish\03Eclipse_Workspace\wsSeptember2023v1\sepv2357\pom.xml.
2023-09-01 16:10:08,020 [Worker-41: Building] INFO  o.e.m.c.i.embedder.EclipseLogger - Using 'UTF-8' encoding to copy filtered resources.
2023-09-01 16:10:08,020 [Worker-41: Building] INFO  o.e.m.c.i.embedder.EclipseLogger - skip non existing resourceDirectory D:\Satish\03Eclipse_Workspace\wsSeptember2023v1\sepv2357\src\main\resources
2023-09-01 16:10:08,020 [Worker-41: Building] INFO  o.e.m.c.i.embedder.EclipseLogger - Using 'UTF-8' encoding to copy filtered resources.
2023-09-01 16:10:08,020 [Worker-41: Building] INFO  o.e.m.c.i.embedder.EclipseLogger - skip non existing resourceDirectory D:\Satish\03Eclipse_Workspace\wsSeptember2023v1\sepv2357\src\test\resources
2023-09-01 16:10:23,145 [Worker-41: Building] INFO  o.e.m.c.i.l.LifecycleMappingFactory - Using org.eclipse.m2e.jdt.JarLifecycleMapping lifecycle mapping for MavenProject: stctest:sepv2357:0.0.1-SNAPSHOT @ D:\Satish\03Eclipse_Workspace\wsSeptember2023v1\sepv2357\pom.xml.
2023-09-01 16:10:23,420 [Worker-41: Building] INFO  o.e.m.c.i.embedder.EclipseLogger - Using 'UTF-8' encoding to copy filtered resources.
2023-09-01 16:10:23,420 [Worker-41: Building] INFO  o.e.m.c.i.embedder.EclipseLogger - skip non existing resourceDirectory D:\Satish\03Eclipse_Workspace\wsSeptember2023v1\sepv2357\src\main\resources
2023-09-01 16:10:23,424 [Worker-41: Building] INFO  o.e.m.c.i.embedder.EclipseLogger - Using 'UTF-8' encoding to copy filtered resources.
2023-09-01 16:10:23,424 [Worker-41: Building] INFO  o.e.m.c.i.embedder.EclipseLogger - skip non existing resourceDirectory D:\Satish\03Eclipse_Workspace\wsSeptember2023v1\sepv2357\src\test\resources
2023-09-01 16:10:31,024 [Worker-37: Building] INFO  o.e.m.c.i.l.LifecycleMappingFactory - Using org.eclipse.m2e.jdt.JarLifecycleMapping lifecycle mapping for MavenProject: stctest:sepv2357:0.0.1-SNAPSHOT @ D:\Satish\03Eclipse_Workspace\wsSeptember2023v1\sepv2357\pom.xml.
2023-09-01 16:10:31,305 [Worker-37: Building] INFO  o.e.m.c.i.embedder.EclipseLogger - Using 'UTF-8' encoding to copy filtered resources.
2023-09-01 16:10:31,305 [Worker-37: Building] INFO  o.e.m.c.i.embedder.EclipseLogger - skip non existing resourceDirectory D:\Satish\03Eclipse_Workspace\wsSeptember2023v1\sepv2357\src\main\resources
2023-09-01 16:10:31,307 [Worker-37: Building] INFO  o.e.m.c.i.embedder.EclipseLogger - Using 'UTF-8' encoding to copy filtered resources.
2023-09-01 16:10:31,307 [Worker-37: Building] INFO  o.e.m.c.i.embedder.EclipseLogger - skip non existing resourceDirectory D:\Satish\03Eclipse_Workspace\wsSeptember2023v1\sepv2357\src\test\resources
2023-09-01 16:10:39,018 [Worker-40: Launching Executing test in D__Satish_03Eclipse_Workspace_wsSeptember2023v1_sepv2357] INFO  o.e.m.i.launch.MavenLaunchDelegate - Run build in "D:\Satish\03Eclipse_Workspace\wsSeptember2023v1\sepv2357":
2023-09-01 16:10:39,018 [Worker-40: Launching Executing test in D__Satish_03Eclipse_Workspace_wsSeptember2023v1_sepv2357] INFO  o.e.m.i.launch.MavenLaunchDelegate -  mvn  -B -Dstyle.color=always test
2023-09-01 16:12:14,426 [Worker-42: Building] INFO  o.e.m.c.i.embedder.EclipseLogger - Using 'UTF-8' encoding to copy filtered resources.
2023-09-01 16:12:14,426 [Worker-42: Building] INFO  o.e.m.c.i.embedder.EclipseLogger - skip non existing resourceDirectory D:\Satish\03Eclipse_Workspace\wsSeptember2023v1\sepv2357\src\main\resources
2023-09-01 16:12:14,427 [Worker-42: Building] INFO  o.e.m.c.i.embedder.EclipseLogger - Using 'UTF-8' encoding to copy filtered resources.
2023-09-01 16:12:14,427 [Worker-42: Building] INFO  o.e.m.c.i.embedder.EclipseLogger - skip non existing resourceDirectory D:\Satish\03Eclipse_Workspace\wsSeptember2023v1\sepv2357\src\test\resources
2023-09-01 16:15:21,844 [Worker-43: Building] INFO  o.e.m.c.i.embedder.EclipseLogger - Using 'UTF-8' encoding to copy filtered resources.
2023-09-01 16:15:21,844 [Worker-43: Building] INFO  o.e.m.c.i.embedder.EclipseLogger - skip non existing resourceDirectory D:\Satish\03Eclipse_Workspace\wsSeptember2023v1\sepv2357\src\main\resources
2023-09-01 16:15:21,845 [Worker-43: Building] INFO  o.e.m.c.i.embedder.EclipseLogger - Using 'UTF-8' encoding to copy filtered resources.
2023-09-01 16:15:21,845 [Worker-43: Building] INFO  o.e.m.c.i.embedder.EclipseLogger - skip non existing resourceDirectory D:\Satish\03Eclipse_Workspace\wsSeptember2023v1\sepv2357\src\test\resources
2023-09-01 16:15:25,619 [Worker-43: Building] INFO  o.e.m.c.i.embedder.EclipseLogger - Using 'UTF-8' encoding to copy filtered resources.
2023-09-01 16:15:25,619 [Worker-43: Building] INFO  o.e.m.c.i.embedder.EclipseLogger - skip non existing resourceDirectory D:\Satish\03Eclipse_Workspace\wsSeptember2023v1\sepv2357\src\main\resources
2023-09-01 16:15:25,620 [Worker-43: Building] INFO  o.e.m.c.i.embedder.EclipseLogger - Using 'UTF-8' encoding to copy filtered resources.
2023-09-01 16:15:25,620 [Worker-43: Building] INFO  o.e.m.c.i.embedder.EclipseLogger - skip non existing resourceDirectory D:\Satish\03Eclipse_Workspace\wsSeptember2023v1\sepv2357\src\test\resources
2023-09-01 16:15:32,592 [Worker-37: Building] INFO  o.e.m.c.i.embedder.EclipseLogger - Using 'UTF-8' encoding to copy filtered resources.
2023-09-01 16:15:32,592 [Worker-37: Building] INFO  o.e.m.c.i.embedder.EclipseLogger - skip non existing resourceDirectory D:\Satish\03Eclipse_Workspace\wsSeptember2023v1\sepv2357\src\main\resources
2023-09-01 16:15:32,594 [Worker-37: Building] INFO  o.e.m.c.i.embedder.EclipseLogger - Using 'UTF-8' encoding to copy filtered resources.
2023-09-01 16:15:32,594 [Worker-37: Building] INFO  o.e.m.c.i.embedder.EclipseLogger - skip non existing resourceDirectory D:\Satish\03Eclipse_Workspace\wsSeptember2023v1\sepv2357\src\test\resources
2023-09-01 16:15:46,842 [Worker-42: Launching Executing test in D__Satish_03Eclipse_Workspace_wsSeptember2023v1_sepv2357] INFO  o.e.m.i.launch.MavenLaunchDelegate - Run build in "D:\Satish\03Eclipse_Workspace\wsSeptember2023v1\sepv2357":
2023-09-01 16:15:46,842 [Worker-42: Launching Executing test in D__Satish_03Eclipse_Workspace_wsSeptember2023v1_sepv2357] INFO  o.e.m.i.launch.MavenLaunchDelegate -  mvn  -B -Dstyle.color=always test
2023-09-01 16:53:23,574 [Worker-43: Building] INFO  o.e.m.c.i.embedder.EclipseLogger - Using 'UTF-8' encoding to copy filtered resources.
2023-09-01 16:53:23,574 [Worker-43: Building] INFO  o.e.m.c.i.embedder.EclipseLogger - skip non existing resourceDirectory D:\Satish\03Eclipse_Workspace\wsSeptember2023v1\sepv2357\src\main\resources
2023-09-01 16:53:23,576 [Worker-43: Building] INFO  o.e.m.c.i.embedder.EclipseLogger - Using 'UTF-8' encoding to copy filtered resources.
2023-09-01 16:53:23,576 [Worker-43: Building] INFO  o.e.m.c.i.embedder.EclipseLogger - skip non existing resourceDirectory D:\Satish\03Eclipse_Workspace\wsSeptember2023v1\sepv2357\src\test\resources
2023-09-01 18:23:24,059 [Worker-61: Building] INFO  o.e.m.c.i.embedder.EclipseLogger - Using 'UTF-8' encoding to copy filtered resources.
2023-09-01 18:23:24,060 [Worker-61: Building] INFO  o.e.m.c.i.embedder.EclipseLogger - skip non existing resourceDirectory D:\Satish\03Eclipse_Workspace\wsSeptember2023v1\sepv2357\src\main\resources
2023-09-01 18:23:24,063 [Worker-61: Building] INFO  o.e.m.c.i.embedder.EclipseLogger - Using 'UTF-8' encoding to copy filtered resources.
2023-09-01 18:23:24,063 [Worker-61: Building] INFO  o.e.m.c.i.embedder.EclipseLogger - skip non existing resourceDirectory D:\Satish\03Eclipse_Workspace\wsSeptember2023v1\sepv2357\src\test\resources
